<?xml version="1.0" encoding="UTF-8"?>
<testsuite xmlns:xsi="http://www.w3.org/2001/XMLSchema-instance" xsi:noNamespaceSchemaLocation="https://maven.apache.org/surefire/maven-surefire-plugin/xsd/surefire-test-report.xsd" name="com.whitehat.HelloWorldControllerTest" time="3.412" tests="1" errors="0" skipped="0" failures="1">
  <properties>
[...]
</properties>
  <testcase name="sayHello_OK" classname="com.whitehat.HelloWorldControllerTest" time="0.512">
    <failure message="No value at JSON path &quot;$[0].message&quot;" type="java.lang.AssertionError">java.lang.AssertionError: No value at JSON path "$[0].message"
	at com.whitehat.HelloWorldControllerTest.sayHello_OK(HelloWorldControllerTest.java:54)
Caused by: com.jayway.jsonpath.PathNotFoundException: Filter: [0]['message'] can only be applied to arrays. Current context is: {message=hello from Spring Boot!}
	at com.whitehat.HelloWorldControllerTest.sayHello_OK(HelloWorldControllerTest.java:54)
</failure>
    <system-out><![CDATA[08:25:28.413 [main] DEBUG org.springframework.test.context.junit4.SpringJUnit4ClassRunner - SpringJUnit4ClassRunner constructor called with [class com.whitehat.HelloWorldControllerTest]
08:25:28.417 [main] DEBUG org.springframework.test.context.BootstrapUtils - Instantiating CacheAwareContextLoaderDelegate from class [org.springframework.test.context.cache.DefaultCacheAwareContextLoaderDelegate]
08:25:28.426 [main] DEBUG org.springframework.test.context.BootstrapUtils - Instantiating BootstrapContext using constructor [public org.springframework.test.context.support.DefaultBootstrapContext(java.lang.Class,org.springframework.test.context.CacheAwareContextLoaderDelegate)]
08:25:28.446 [main] DEBUG org.springframework.test.context.BootstrapUtils - Instantiating TestContextBootstrapper for test class [com.whitehat.HelloWorldControllerTest] from class [org.springframework.boot.test.context.SpringBootTestContextBootstrapper]
08:25:28.457 [main] INFO org.springframework.boot.test.context.SpringBootTestContextBootstrapper - Neither @ContextConfiguration nor @ContextHierarchy found for test class [com.whitehat.HelloWorldControllerTest], using SpringBootContextLoader
08:25:28.460 [main] DEBUG org.springframework.test.context.support.AbstractContextLoader - Did not detect default resource location for test class [com.whitehat.HelloWorldControllerTest]: class path resource [com/whitehat/HelloWorldControllerTest-context.xml] does not exist
08:25:28.461 [main] DEBUG org.springframework.test.context.support.AbstractContextLoader - Did not detect default resource location for test class [com.whitehat.HelloWorldControllerTest]: class path resource [com/whitehat/HelloWorldControllerTestContext.groovy] does not exist
08:25:28.461 [main] INFO org.springframework.test.context.support.AbstractContextLoader - Could not detect default resource locations for test class [com.whitehat.HelloWorldControllerTest]: no resource found for suffixes {-context.xml, Context.groovy}.
08:25:28.462 [main] INFO org.springframework.test.context.support.AnnotationConfigContextLoaderUtils - Could not detect default configuration classes for test class [com.whitehat.HelloWorldControllerTest]: HelloWorldControllerTest does not declare any static, non-private, non-final, nested classes annotated with @Configuration.
08:25:28.564 [main] DEBUG org.springframework.context.annotation.ClassPathScanningCandidateComponentProvider - Identified candidate component class: file [C:\Users\Amanda\Documents\swe\training\java-training\springboot-hello-world\target\classes\com\whitehat\HelloWorldApplication.class]
08:25:28.580 [main] INFO org.springframework.boot.test.context.SpringBootTestContextBootstrapper - Found @SpringBootConfiguration com.whitehat.HelloWorldApplication for test class com.whitehat.HelloWorldControllerTest
08:25:28.651 [main] DEBUG org.springframework.boot.test.context.SpringBootTestContextBootstrapper - @TestExecutionListeners is not present for class [com.whitehat.HelloWorldControllerTest]: using defaults.
08:25:28.653 [main] INFO org.springframework.boot.test.context.SpringBootTestContextBootstrapper - Loaded default TestExecutionListener class names from location [META-INF/spring.factories]: [org.springframework.boot.test.mock.mockito.MockitoTestExecutionListener, org.springframework.boot.test.mock.mockito.ResetMocksTestExecutionListener, org.springframework.boot.test.autoconfigure.restdocs.RestDocsTestExecutionListener, org.springframework.boot.test.autoconfigure.web.client.MockRestServiceServerResetTestExecutionListener, org.springframework.boot.test.autoconfigure.web.servlet.MockMvcPrintOnlyOnFailureTestExecutionListener, org.springframework.boot.test.autoconfigure.web.servlet.WebDriverTestExecutionListener, org.springframework.test.context.web.ServletTestExecutionListener, org.springframework.test.context.support.DirtiesContextBeforeModesTestExecutionListener, org.springframework.test.context.support.DependencyInjectionTestExecutionListener, org.springframework.test.context.support.DirtiesContextTestExecutionListener, org.springframework.test.context.transaction.TransactionalTestExecutionListener, org.springframework.test.context.jdbc.SqlScriptsTestExecutionListener]
08:25:28.656 [main] DEBUG org.springframework.boot.test.context.SpringBootTestContextBootstrapper - Skipping candidate TestExecutionListener [org.springframework.test.context.transaction.TransactionalTestExecutionListener] due to a missing dependency. Specify custom listener classes or make the default listener classes and their required dependencies available. Offending class: [org/springframework/transaction/interceptor/TransactionAttributeSource]
08:25:28.663 [main] DEBUG org.springframework.boot.test.context.SpringBootTestContextBootstrapper - Skipping candidate TestExecutionListener [org.springframework.test.context.jdbc.SqlScriptsTestExecutionListener] due to a missing dependency. Specify custom listener classes or make the default listener classes and their required dependencies available. Offending class: [org/springframework/transaction/interceptor/TransactionAttribute]
08:25:28.663 [main] INFO org.springframework.boot.test.context.SpringBootTestContextBootstrapper - Using TestExecutionListeners: [org.springframework.test.context.web.ServletTestExecutionListener@48bb62, org.springframework.test.context.support.DirtiesContextBeforeModesTestExecutionListener@353352b6, org.springframework.boot.test.mock.mockito.MockitoTestExecutionListener@4681c175, org.springframework.boot.test.autoconfigure.SpringBootDependencyInjectionTestExecutionListener@57a78e3, org.springframework.test.context.support.DirtiesContextTestExecutionListener@402c4085, org.springframework.boot.test.mock.mockito.ResetMocksTestExecutionListener@6fa51cd4, org.springframework.boot.test.autoconfigure.restdocs.RestDocsTestExecutionListener@2767e23c, org.springframework.boot.test.autoconfigure.web.client.MockRestServiceServerResetTestExecutionListener@710c2b53, org.springframework.boot.test.autoconfigure.web.servlet.MockMvcPrintOnlyOnFailureTestExecutionListener@5386659f, org.springframework.boot.test.autoconfigure.web.servlet.WebDriverTestExecutionListener@14028087]
08:25:28.664 [main] DEBUG org.springframework.test.annotation.ProfileValueUtils - Retrieved @ProfileValueSourceConfiguration [null] for test class [com.whitehat.HelloWorldControllerTest]
08:25:28.665 [main] DEBUG org.springframework.test.annotation.ProfileValueUtils - Retrieved ProfileValueSource type [class org.springframework.test.annotation.SystemProfileValueSource] for class [com.whitehat.HelloWorldControllerTest]
08:25:28.666 [main] DEBUG org.springframework.test.annotation.ProfileValueUtils - Retrieved @ProfileValueSourceConfiguration [null] for test class [com.whitehat.HelloWorldControllerTest]
08:25:28.666 [main] DEBUG org.springframework.test.annotation.ProfileValueUtils - Retrieved ProfileValueSource type [class org.springframework.test.annotation.SystemProfileValueSource] for class [com.whitehat.HelloWorldControllerTest]
08:25:28.667 [main] DEBUG org.springframework.test.annotation.ProfileValueUtils - Retrieved @ProfileValueSourceConfiguration [null] for test class [com.whitehat.HelloWorldControllerTest]
08:25:28.667 [main] DEBUG org.springframework.test.annotation.ProfileValueUtils - Retrieved ProfileValueSource type [class org.springframework.test.annotation.SystemProfileValueSource] for class [com.whitehat.HelloWorldControllerTest]
08:25:28.670 [main] DEBUG org.springframework.test.context.support.AbstractDirtiesContextTestExecutionListener - Before test class: context [DefaultTestContext@61c4eee0 testClass = HelloWorldControllerTest, testInstance = [null], testMethod = [null], testException = [null], mergedContextConfiguration = [WebMergedContextConfiguration@6f10d5b6 testClass = HelloWorldControllerTest, locations = '{}', classes = '{class com.whitehat.HelloWorldApplication}', contextInitializerClasses = '[]', activeProfiles = '{test}', propertySourceLocations = '{}', propertySourceProperties = '{org.springframework.boot.test.context.SpringBootTestContextBootstrapper=true}', contextCustomizers = set[[ImportsContextCustomizer@1040be71 key = [org.springframework.boot.test.autoconfigure.web.servlet.MockMvcAutoConfiguration, org.springframework.boot.test.autoconfigure.web.servlet.MockMvcSecurityAutoConfiguration, org.springframework.boot.test.autoconfigure.web.servlet.MockMvcWebClientAutoConfiguration, org.springframework.boot.test.autoconfigure.web.servlet.MockMvcWebDriverAutoConfiguration]], org.springframework.boot.test.context.filter.ExcludeFilterContextCustomizer@30ee2816, org.springframework.boot.test.json.DuplicateJsonObjectContextCustomizerFactory$DuplicateJsonObjectContextCustomizer@5c30a9b0, org.springframework.boot.test.mock.mockito.MockitoContextCustomizer@0, org.springframework.boot.test.web.client.TestRestTemplateContextCustomizer@3d51f06e, org.springframework.boot.test.autoconfigure.properties.PropertyMappingContextCustomizer@e7e8512, org.springframework.boot.test.autoconfigure.web.servlet.WebDriverContextCustomizerFactory$Customizer@6eda5c9], resourceBasePath = 'src/main/webapp', contextLoader = 'org.springframework.boot.test.context.SpringBootContextLoader', parent = [null]], attributes = map['org.springframework.test.context.web.ServletTestExecutionListener.activateListener' -> true]], class annotated with @DirtiesContext [false] with mode [null].
08:25:28.671 [main] DEBUG org.springframework.test.annotation.ProfileValueUtils - Retrieved @ProfileValueSourceConfiguration [null] for test class [com.whitehat.HelloWorldControllerTest]
08:25:28.671 [main] DEBUG org.springframework.test.annotation.ProfileValueUtils - Retrieved ProfileValueSource type [class org.springframework.test.annotation.SystemProfileValueSource] for class [com.whitehat.HelloWorldControllerTest]
08:25:28.799 [main] DEBUG org.springframework.test.context.support.TestPropertySourceUtils - Adding inlined properties to environment: {spring.jmx.enabled=false, org.springframework.boot.test.context.SpringBootTestContextBootstrapper=true, server.port=-1}

  .   ____          _            __ _ _
 /\\ / ___'_ __ _ _(_)_ __  __ _ \ \ \ \
( ( )\___ | '_ | '_| | '_ \/ _` | \ \ \ \
 \\/  ___)| |_)| | | | | || (_| |  ) ) ) )
  '  |____| .__|_| |_|_| |_\__, | / / / /
 =========|_|==============|___/=/_/_/_/
 :: Spring Boot ::        (v2.1.2.RELEASE)

INFO  c.whitehat.HelloWorldControllerTest - Starting HelloWorldControllerTest on WHITEHATLAP183 with PID 20828 (started by Amanda in C:\Users\Amanda\Documents\swe\training\java-training\springboot-hello-world)
DEBUG c.whitehat.HelloWorldControllerTest - Running with Spring Boot v2.1.2.RELEASE, Spring v5.1.4.RELEASE
INFO  c.whitehat.HelloWorldControllerTest - The following profiles are active: test
INFO  o.s.s.web.DefaultSecurityFilterChain - Creating filter chain: any request, [org.springframework.security.web.context.request.async.WebAsyncManagerIntegrationFilter@6edf29c1, org.springframework.security.web.context.SecurityContextPersistenceFilter@237f7970, org.springframework.security.web.header.HeaderWriterFilter@73844119, org.springframework.security.web.csrf.CsrfFilter@378cfecf, org.springframework.security.web.authentication.logout.LogoutFilter@16727bf0, org.springframework.security.web.authentication.www.BasicAuthenticationFilter@3b920bdc, org.springframework.security.web.savedrequest.RequestCacheAwareFilter@2f4c2cd4, org.springframework.security.web.servletapi.SecurityContextHolderAwareRequestFilter@2cae9b8, org.springframework.security.web.authentication.AnonymousAuthenticationFilter@79a04e5f, org.springframework.security.web.session.SessionManagementFilter@5d2828c9, org.springframework.security.web.access.ExceptionTranslationFilter@715b886f, org.springframework.security.web.access.intercept.FilterSecurityInterceptor@3a26ec8d]
INFO  o.s.s.c.ThreadPoolTaskExecutor - Initializing ExecutorService 'applicationTaskExecutor'
INFO  o.s.b.t.m.w.SpringBootMockServletContext - Initializing Spring TestDispatcherServlet ''
INFO  o.s.t.w.s.TestDispatcherServlet - Initializing Servlet ''
INFO  o.s.t.w.s.TestDispatcherServlet - Completed initialization in 15 ms
INFO  c.whitehat.HelloWorldControllerTest - Started HelloWorldControllerTest in 2.37 seconds (JVM running for 3.277)

MockHttpServletRequest:
      HTTP Method = GET
      Request URI = /hello
       Parameters = {}
          Headers = [Authorization:"Basic YWRtaW46bmltZGE="]
             Body = null
    Session Attrs = {SPRING_SECURITY_CONTEXT=org.springframework.security.core.context.SecurityContextImpl@419b9401: Authentication: org.springframework.security.authentication.UsernamePasswordAuthenticationToken@419b9401: Principal: org.springframework.security.core.userdetails.User@586034f: Username: admin; Password: [PROTECTED]; Enabled: true; AccountNonExpired: true; credentialsNonExpired: true; AccountNonLocked: true; Granted Authorities: ROLE_USER; Credentials: [PROTECTED]; Authenticated: true; Details: org.springframework.security.web.authentication.WebAuthenticationDetails@957e: RemoteIpAddress: 127.0.0.1; SessionId: null; Granted Authorities: ROLE_USER}

Handler:
             Type = com.whitehat.HelloWorldController
           Method = java.lang.String com.whitehat.HelloWorldController.sayHello()

Async:
    Async started = false
     Async result = null

Resolved Exception:
             Type = null

ModelAndView:
        View name = null
             View = null
            Model = null

FlashMap:
       Attributes = null

MockHttpServletResponse:
           Status = 200
    Error message = null
          Headers = [Content-Type:"application/json;charset=UTF-8", Content-Length:"37", X-Content-Type-Options:"nosniff", X-XSS-Protection:"1; mode=block", Cache-Control:"no-cache, no-store, max-age=0, must-revalidate", Pragma:"no-cache", Expires:"0", X-Frame-Options:"DENY"]
     Content type = application/json;charset=UTF-8
             Body = {"message":"hello from Spring Boot!"}
    Forwarded URL = null
   Redirected URL = null
          Cookies = []
]]></system-out>
  </testcase>
</testsuite>